# JRE version: OpenJDK Runtime Environment Temurin-17.0.3+7 (17.0.3+7) (build 17.0.3+7)
# Java VM: OpenJDK 64-Bit Server VM Temurin-17.0.3+7 (17.0.3+7, mixed mode, emulated-client, tiered, compressed oops, compressed class ptrs, g1 gc, windows-amd64)
GC Precious Log:
 CPUs: 2 total, 2 available
 Memory: 3916M
 Large Page Support: Disabled
 NUMA Support: Disabled
 Compressed Oops: Enabled (32-bit)
 Heap Region Size: 1M
 Heap Min Capacity: 8M
 Heap Initial Capacity: 62M
 Heap Max Capacity: 980M
 Pre-touch: Disabled
 Parallel Workers: 2
 Concurrent Workers: 1
 Concurrent Refinement Workers: 2
 Periodic GC: Disabled
Heap:
 garbage-first heap   total 192512K, used 63525K [0x00000000c2c00000, 0x0000000100000000)
  region size 1024K, 10 young (10240K), 10 survivors (10240K)
 Metaspace       used 34181K, committed 34560K, reserved 1081344K
  class space    used 4432K, committed 4608K, reserved 1048576K
GC Heap History (20 events):
Event: 6.908 GC heap after
{Heap after GC invocations=14 (full 0):
 garbage-first heap   total 77824K, used 33917K [0x00000000c2c00000, 0x0000000100000000)
  region size 1024K, 2 young (2048K), 2 survivors (2048K)
 Metaspace       used 33906K, committed 34240K, reserved 1081344K
  class space    used 4400K, committed 4544K, reserved 1048576K
}
Event: 7.192 GC heap before
{Heap before GC invocations=15 (full 0):
 garbage-first heap   total 77824K, used 54397K [0x00000000c2c00000, 0x0000000100000000)
  region size 1024K, 23 young (23552K), 2 survivors (2048K)
 Metaspace       used 33957K, committed 34368K, reserved 1081344K
  class space    used 4410K, committed 4608K, reserved 1048576K
}
Event: 7.211 GC heap after
{Heap after GC invocations=16 (full 0):
 garbage-first heap   total 77824K, used 41348K [0x00000000c2c00000, 0x0000000100000000)
  region size 1024K, 3 young (3072K), 3 survivors (3072K)
 Metaspace       used 33957K, committed 34368K, reserved 1081344K
  class space    used 4410K, committed 4608K, reserved 1048576K
}
Event: 7.298 GC heap before
{Heap before GC invocations=16 (full 0):
 garbage-first heap   total 77824K, used 55684K [0x00000000c2c00000, 0x0000000100000000)
  region size 1024K, 18 young (18432K), 3 survivors (3072K)
 Metaspace       used 34181K, committed 34560K, reserved 1081344K
  class space    used 4432K, committed 4608K, reserved 1048576K
}
Event: 7.304 GC heap after
{Heap after GC invocations=17 (full 0):
 garbage-first heap   total 77824K, used 42497K [0x00000000c2c00000, 0x0000000100000000)
  region size 1024K, 1 young (1024K), 1 survivors (1024K)
 Metaspace       used 34181K, committed 34560K, reserved 1081344K
  class space    used 4432K, committed 4608K, reserved 1048576K
}
Event: 7.357 GC heap before
{Heap before GC invocations=17 (full 0):
 garbage-first heap   total 77824K, used 56833K [0x00000000c2c00000, 0x0000000100000000)
  region size 1024K, 16 young (16384K), 1 survivors (1024K)
 Metaspace       used 34181K, committed 34560K, reserved 1081344K
  class space    used 4432K, committed 4608K, reserved 1048576K
}
Event: 7.360 GC heap after
{Heap after GC invocations=18 (full 0):
 garbage-first heap   total 77824K, used 43119K [0x00000000c2c00000, 0x0000000100000000)
  region size 1024K, 2 young (2048K), 2 survivors (2048K)
 Metaspace       used 34181K, committed 34560K, reserved 1081344K
  class space    used 4432K, committed 4608K, reserved 1048576K
}
Event: 7.422 GC heap before
{Heap before GC invocations=18 (full 0):
 garbage-first heap   total 96256K, used 58479K [0x00000000c2c00000, 0x0000000100000000)
  region size 1024K, 18 young (18432K), 2 survivors (2048K)
 Metaspace       used 34181K, committed 34560K, reserved 1081344K
  class space    used 4432K, committed 4608K, reserved 1048576K
}
Event: 7.426 GC heap after
{Heap after GC invocations=19 (full 0):
 garbage-first heap   total 96256K, used 43815K [0x00000000c2c00000, 0x0000000100000000)
  region size 1024K, 3 young (3072K), 3 survivors (3072K)
 Metaspace       used 34181K, committed 34560K, reserved 1081344K
  class space    used 4432K, committed 4608K, reserved 1048576K
}
Event: 7.489 GC heap before
{Heap before GC invocations=20 (full 0):
 garbage-first heap   total 96256K, used 68391K [0x00000000c2c00000, 0x0000000100000000)
  region size 1024K, 28 young (28672K), 3 survivors (3072K)
 Metaspace       used 34181K, committed 34560K, reserved 1081344K
  class space    used 4432K, committed 4608K, reserved 1048576K
}
Event: 7.494 GC heap after
{Heap after GC invocations=21 (full 0):
 garbage-first heap   total 96256K, used 44932K [0x00000000c2c00000, 0x0000000100000000)
  region size 1024K, 3 young (3072K), 3 survivors (3072K)
 Metaspace       used 34181K, committed 34560K, reserved 1081344K
  class space    used 4432K, committed 4608K, reserved 1048576K
}
Event: 7.497 GC heap before
{Heap before GC invocations=21 (full 0):
 garbage-first heap   total 96256K, used 44932K [0x00000000c2c00000, 0x0000000100000000)
  region size 1024K, 4 young (4096K), 3 survivors (3072K)
 Metaspace       used 34181K, committed 34560K, reserved 1081344K
  class space    used 4432K, committed 4608K, reserved 1048576K
}
Event: 7.501 GC heap after
{Heap after GC invocations=22 (full 0):
 garbage-first heap   total 192512K, used 45272K [0x00000000c2c00000, 0x0000000100000000)
  region size 1024K, 1 young (1024K), 1 survivors (1024K)
 Metaspace       used 34181K, committed 34560K, reserved 1081344K
  class space    used 4432K, committed 4608K, reserved 1048576K
}
Event: 7.714 GC heap before
{Heap before GC invocations=22 (full 0):
 garbage-first heap   total 192512K, used 128216K [0x00000000c2c00000, 0x0000000100000000)
  region size 1024K, 83 young (84992K), 1 survivors (1024K)
 Metaspace       used 34181K, committed 34560K, reserved 1081344K
  class space    used 4432K, committed 4608K, reserved 1048576K
}
Event: 7.724 GC heap after
{Heap after GC invocations=23 (full 0):
 garbage-first heap   total 192512K, used 49027K [0x00000000c2c00000, 0x0000000100000000)
  region size 1024K, 5 young (5120K), 5 survivors (5120K)
 Metaspace       used 34181K, committed 34560K, reserved 1081344K
  class space    used 4432K, committed 4608K, reserved 1048576K
}
Event: 7.970 GC heap before
{Heap before GC invocations=23 (full 0):
 garbage-first heap   total 192512K, used 145283K [0x00000000c2c00000, 0x0000000100000000)
  region size 1024K, 100 young (102400K), 5 survivors (5120K)
 Metaspace       used 34181K, committed 34560K, reserved 1081344K
  class space    used 4432K, committed 4608K, reserved 1048576K
}
Event: 7.982 GC heap after
{Heap after GC invocations=24 (full 0):
 garbage-first heap   total 192512K, used 53619K [0x00000000c2c00000, 0x0000000100000000)
  region size 1024K, 9 young (9216K), 9 survivors (9216K)
 Metaspace       used 34181K, committed 34560K, reserved 1081344K
  class space    used 4432K, committed 4608K, reserved 1048576K
}
Event: 8.247 GC heap before
{Heap before GC invocations=24 (full 0):
 garbage-first heap   total 192512K, used 148851K [0x00000000c2c00000, 0x0000000100000000)
  region size 1024K, 103 young (105472K), 9 survivors (9216K)
 Metaspace       used 34181K, committed 34560K, reserved 1081344K
  class space    used 4432K, committed 4608K, reserved 1048576K
}
Event: 8.261 GC heap after
{Heap after GC invocations=25 (full 0):
 garbage-first heap   total 192512K, used 58122K [0x00000000c2c00000, 0x0000000100000000)
  region size 1024K, 9 young (9216K), 9 survivors (9216K)
 Metaspace       used 34181K, committed 34560K, reserved 1081344K
  class space    used 4432K, committed 4608K, reserved 1048576K
}
Event: 8.504 GC heap before
{Heap before GC invocations=25 (full 0):
 garbage-first heap   total 192512K, used 152330K [0x00000000c2c00000, 0x0000000100000000)
  region size 1024K, 102 young (104448K), 9 survivors (9216K)
 Metaspace       used 34181K, committed 34560K, reserved 1081344K
  class space    used 4432K, committed 4608K, reserved 1048576K
}

