# JRE version: OpenJDK Runtime Environment Temurin-17.0.3+7 (17.0.3+7) (build 17.0.3+7)
# Java VM: OpenJDK 64-Bit Server VM Temurin-17.0.3+7 (17.0.3+7, mixed mode, emulated-client, tiered, compressed oops, compressed class ptrs, g1 gc, windows-amd64)
GC Precious Log:
 CPUs: 2 total, 2 available
 Memory: 3916M
 Large Page Support: Disabled
 NUMA Support: Disabled
 Compressed Oops: Enabled (32-bit)
 Heap Region Size: 1M
 Heap Min Capacity: 8M
 Heap Initial Capacity: 62M
 Heap Max Capacity: 980M
 Pre-touch: Disabled
 Parallel Workers: 2
 Concurrent Workers: 1
 Concurrent Refinement Workers: 2
 Periodic GC: Disabled
Heap:
 garbage-first heap   total 241664K, used 90112K [0x00000000c2c00000, 0x0000000100000000)
  region size 1024K, 12 young (12288K), 12 survivors (12288K)
 Metaspace       used 34236K, committed 34624K, reserved 1081344K
  class space    used 4433K, committed 4608K, reserved 1048576K
GC Heap History (20 events):
Event: 8.319 GC heap after
{Heap after GC invocations=19 (full 0):
 garbage-first heap   total 112640K, used 47101K [0x00000000c2c00000, 0x0000000100000000)
  region size 1024K, 4 young (4096K), 4 survivors (4096K)
 Metaspace       used 34236K, committed 34624K, reserved 1081344K
  class space    used 4433K, committed 4608K, reserved 1048576K
}
Event: 8.446 GC heap before
{Heap before GC invocations=19 (full 0):
 garbage-first heap   total 112640K, used 88061K [0x00000000c2c00000, 0x0000000100000000)
  region size 1024K, 45 young (46080K), 4 survivors (4096K)
 Metaspace       used 34236K, committed 34624K, reserved 1081344K
  class space    used 4433K, committed 4608K, reserved 1048576K
}
Event: 8.453 GC heap after
{Heap after GC invocations=20 (full 0):
 garbage-first heap   total 112640K, used 49266K [0x00000000c2c00000, 0x0000000100000000)
  region size 1024K, 5 young (5120K), 5 survivors (5120K)
 Metaspace       used 34236K, committed 34624K, reserved 1081344K
  class space    used 4433K, committed 4608K, reserved 1048576K
}
Event: 8.562 GC heap before
{Heap before GC invocations=20 (full 0):
 garbage-first heap   total 112640K, used 89202K [0x00000000c2c00000, 0x0000000100000000)
  region size 1024K, 45 young (46080K), 5 survivors (5120K)
 Metaspace       used 34236K, committed 34624K, reserved 1081344K
  class space    used 4433K, committed 4608K, reserved 1048576K
}
Event: 8.571 GC heap after
{Heap after GC invocations=21 (full 0):
 garbage-first heap   total 174080K, used 51419K [0x00000000c2c00000, 0x0000000100000000)
  region size 1024K, 5 young (5120K), 5 survivors (5120K)
 Metaspace       used 34236K, committed 34624K, reserved 1081344K
  class space    used 4433K, committed 4608K, reserved 1048576K
}
Event: 8.817 GC heap before
{Heap before GC invocations=21 (full 0):
 garbage-first heap   total 174080K, used 137435K [0x00000000c2c00000, 0x0000000100000000)
  region size 1024K, 89 young (91136K), 5 survivors (5120K)
 Metaspace       used 34236K, committed 34624K, reserved 1081344K
  class space    used 4433K, committed 4608K, reserved 1048576K
}
Event: 8.828 GC heap after
{Heap after GC invocations=22 (full 0):
 garbage-first heap   total 174080K, used 55121K [0x00000000c2c00000, 0x0000000100000000)
  region size 1024K, 8 young (8192K), 8 survivors (8192K)
 Metaspace       used 34236K, committed 34624K, reserved 1081344K
  class space    used 4433K, committed 4608K, reserved 1048576K
}
Event: 9.044 GC heap before
{Heap before GC invocations=22 (full 0):
 garbage-first heap   total 174080K, used 139089K [0x00000000c2c00000, 0x0000000100000000)
  region size 1024K, 91 young (93184K), 8 survivors (8192K)
 Metaspace       used 34236K, committed 34624K, reserved 1081344K
  class space    used 4433K, committed 4608K, reserved 1048576K
}
Event: 9.057 GC heap after
{Heap after GC invocations=23 (full 0):
 garbage-first heap   total 174080K, used 59207K [0x00000000c2c00000, 0x0000000100000000)
  region size 1024K, 10 young (10240K), 10 survivors (10240K)
 Metaspace       used 34236K, committed 34624K, reserved 1081344K
  class space    used 4433K, committed 4608K, reserved 1048576K
}
Event: 9.272 GC heap before
{Heap before GC invocations=23 (full 0):
 garbage-first heap   total 174080K, used 141127K [0x00000000c2c00000, 0x0000000100000000)
  region size 1024K, 90 young (92160K), 10 survivors (10240K)
 Metaspace       used 34236K, committed 34624K, reserved 1081344K
  class space    used 4433K, committed 4608K, reserved 1048576K
}
Event: 9.286 GC heap after
{Heap after GC invocations=24 (full 0):
 garbage-first heap   total 174080K, used 63106K [0x00000000c2c00000, 0x0000000100000000)
  region size 1024K, 8 young (8192K), 8 survivors (8192K)
 Metaspace       used 34236K, committed 34624K, reserved 1081344K
  class space    used 4433K, committed 4608K, reserved 1048576K
}
Event: 9.499 GC heap before
{Heap before GC invocations=24 (full 0):
 garbage-first heap   total 174080K, used 141954K [0x00000000c2c00000, 0x0000000100000000)
  region size 1024K, 86 young (88064K), 8 survivors (8192K)
 Metaspace       used 34236K, committed 34624K, reserved 1081344K
  class space    used 4433K, committed 4608K, reserved 1048576K
}
Event: 9.511 GC heap after
{Heap after GC invocations=25 (full 0):
 garbage-first heap   total 241664K, used 67584K [0x00000000c2c00000, 0x0000000100000000)
  region size 1024K, 8 young (8192K), 8 survivors (8192K)
 Metaspace       used 34236K, committed 34624K, reserved 1081344K
  class space    used 4433K, committed 4608K, reserved 1048576K
}
Event: 10.066 GC heap before
{Heap before GC invocations=25 (full 0):
 garbage-first heap   total 241664K, used 197632K [0x00000000c2c00000, 0x0000000100000000)
  region size 1024K, 135 young (138240K), 8 survivors (8192K)
 Metaspace       used 34236K, committed 34624K, reserved 1081344K
  class space    used 4433K, committed 4608K, reserved 1048576K
}
Event: 10.101 GC heap after
{Heap after GC invocations=26 (full 0):
 garbage-first heap   total 241664K, used 73728K [0x00000000c2c00000, 0x0000000100000000)
  region size 1024K, 14 young (14336K), 14 survivors (14336K)
 Metaspace       used 34236K, committed 34624K, reserved 1081344K
  class space    used 4433K, committed 4608K, reserved 1048576K
}
Event: 10.494 GC heap before
{Heap before GC invocations=26 (full 0):
 garbage-first heap   total 241664K, used 196608K [0x00000000c2c00000, 0x0000000100000000)
  region size 1024K, 134 young (137216K), 14 survivors (14336K)
 Metaspace       used 34236K, committed 34624K, reserved 1081344K
  class space    used 4433K, committed 4608K, reserved 1048576K
}
Event: 10.512 GC heap after
{Heap after GC invocations=27 (full 0):
 garbage-first heap   total 241664K, used 78455K [0x00000000c2c00000, 0x0000000100000000)
  region size 1024K, 11 young (11264K), 11 survivors (11264K)
 Metaspace       used 34236K, committed 34624K, reserved 1081344K
  class space    used 4433K, committed 4608K, reserved 1048576K
}
Event: 10.919 GC heap before
{Heap before GC invocations=27 (full 0):
 garbage-first heap   total 241664K, used 198263K [0x00000000c2c00000, 0x0000000100000000)
  region size 1024K, 129 young (132096K), 11 survivors (11264K)
 Metaspace       used 34236K, committed 34624K, reserved 1081344K
  class space    used 4433K, committed 4608K, reserved 1048576K
}
Event: 10.955 GC heap after
{Heap after GC invocations=28 (full 0):
 garbage-first heap   total 241664K, used 83456K [0x00000000c2c00000, 0x0000000100000000)
  region size 1024K, 10 young (10240K), 10 survivors (10240K)
 Metaspace       used 34236K, committed 34624K, reserved 1081344K
  class space    used 4433K, committed 4608K, reserved 1048576K
}
Event: 11.445 GC heap before
{Heap before GC invocations=28 (full 0):
 garbage-first heap   total 241664K, used 200192K [0x00000000c2c00000, 0x0000000100000000)
  region size 1024K, 125 young (128000K), 10 survivors (10240K)
 Metaspace       used 34236K, committed 34624K, reserved 1081344K
  class space    used 4433K, committed 4608K, reserved 1048576K
}

