# JRE version: OpenJDK Runtime Environment Temurin-17.0.3+7 (17.0.3+7) (build 17.0.3+7)
# Java VM: OpenJDK 64-Bit Server VM Temurin-17.0.3+7 (17.0.3+7, mixed mode, emulated-client, tiered, compressed oops, compressed class ptrs, g1 gc, windows-amd64)
GC Precious Log:
 CPUs: 2 total, 2 available
 Memory: 3916M
 Large Page Support: Disabled
 NUMA Support: Disabled
 Compressed Oops: Enabled (32-bit)
 Heap Region Size: 1M
 Heap Min Capacity: 8M
 Heap Initial Capacity: 62M
 Heap Max Capacity: 980M
 Pre-touch: Disabled
 Parallel Workers: 2
 Concurrent Workers: 1
 Concurrent Refinement Workers: 2
 Periodic GC: Disabled
Heap:
 garbage-first heap   total 147456K, used 55555K [0x00000000c2c00000, 0x0000000100000000)
  region size 1024K, 6 young (6144K), 6 survivors (6144K)
 Metaspace       used 34223K, committed 34560K, reserved 1081344K
  class space    used 4440K, committed 4608K, reserved 1048576K
GC Heap History (20 events):
Event: 10.088 GC heap after
{Heap after GC invocations=17 (full 0):
 garbage-first heap   total 71680K, used 38019K [0x00000000c2c00000, 0x0000000100000000)
  region size 1024K, 2 young (2048K), 2 survivors (2048K)
 Metaspace       used 33947K, committed 34240K, reserved 1081344K
  class space    used 4408K, committed 4544K, reserved 1048576K
}
Event: 10.506 GC heap before
{Heap before GC invocations=18 (full 0):
 garbage-first heap   total 71680K, used 50307K [0x00000000c2c00000, 0x0000000100000000)
  region size 1024K, 15 young (15360K), 2 survivors (2048K)
 Metaspace       used 33996K, committed 34304K, reserved 1081344K
  class space    used 4419K, committed 4544K, reserved 1048576K
}
Event: 10.520 GC heap after
{Heap after GC invocations=19 (full 0):
 garbage-first heap   total 71680K, used 41196K [0x00000000c2c00000, 0x0000000100000000)
  region size 1024K, 2 young (2048K), 2 survivors (2048K)
 Metaspace       used 33996K, committed 34304K, reserved 1081344K
  class space    used 4419K, committed 4544K, reserved 1048576K
}
Event: 10.609 GC heap before
{Heap before GC invocations=19 (full 0):
 garbage-first heap   total 71680K, used 51436K [0x00000000c2c00000, 0x0000000100000000)
  region size 1024K, 13 young (13312K), 2 survivors (2048K)
 Metaspace       used 34223K, committed 34560K, reserved 1081344K
  class space    used 4440K, committed 4608K, reserved 1048576K
}
Event: 10.619 GC heap after
{Heap after GC invocations=20 (full 0):
 garbage-first heap   total 71680K, used 42283K [0x00000000c2c00000, 0x0000000100000000)
  region size 1024K, 1 young (1024K), 1 survivors (1024K)
 Metaspace       used 34223K, committed 34560K, reserved 1081344K
  class space    used 4440K, committed 4608K, reserved 1048576K
}
Event: 10.667 GC heap before
{Heap before GC invocations=20 (full 0):
 garbage-first heap   total 71680K, used 53547K [0x00000000c2c00000, 0x0000000100000000)
  region size 1024K, 13 young (13312K), 1 survivors (1024K)
 Metaspace       used 34223K, committed 34560K, reserved 1081344K
  class space    used 4440K, committed 4608K, reserved 1048576K
}
Event: 10.670 GC heap after
{Heap after GC invocations=21 (full 0):
 garbage-first heap   total 71680K, used 42558K [0x00000000c2c00000, 0x0000000100000000)
  region size 1024K, 2 young (2048K), 2 survivors (2048K)
 Metaspace       used 34223K, committed 34560K, reserved 1081344K
  class space    used 4440K, committed 4608K, reserved 1048576K
}
Event: 10.710 GC heap before
{Heap before GC invocations=21 (full 0):
 garbage-first heap   total 71680K, used 53822K [0x00000000c2c00000, 0x0000000100000000)
  region size 1024K, 14 young (14336K), 2 survivors (2048K)
 Metaspace       used 34223K, committed 34560K, reserved 1081344K
  class space    used 4440K, committed 4608K, reserved 1048576K
}
Event: 10.713 GC heap after
{Heap after GC invocations=22 (full 0):
 garbage-first heap   total 71680K, used 43208K [0x00000000c2c00000, 0x0000000100000000)
  region size 1024K, 2 young (2048K), 2 survivors (2048K)
 Metaspace       used 34223K, committed 34560K, reserved 1081344K
  class space    used 4440K, committed 4608K, reserved 1048576K
}
Event: 10.792 GC heap before
{Heap before GC invocations=23 (full 0):
 garbage-first heap   total 78848K, used 54472K [0x00000000c2c00000, 0x0000000100000000)
  region size 1024K, 14 young (14336K), 2 survivors (2048K)
 Metaspace       used 34223K, committed 34560K, reserved 1081344K
  class space    used 4440K, committed 4608K, reserved 1048576K
}
Event: 10.796 GC heap after
{Heap after GC invocations=24 (full 0):
 garbage-first heap   total 78848K, used 43856K [0x00000000c2c00000, 0x0000000100000000)
  region size 1024K, 2 young (2048K), 2 survivors (2048K)
 Metaspace       used 34223K, committed 34560K, reserved 1081344K
  class space    used 4440K, committed 4608K, reserved 1048576K
}
Event: 10.801 GC heap before
{Heap before GC invocations=24 (full 0):
 garbage-first heap   total 78848K, used 44880K [0x00000000c2c00000, 0x0000000100000000)
  region size 1024K, 3 young (3072K), 2 survivors (2048K)
 Metaspace       used 34223K, committed 34560K, reserved 1081344K
  class space    used 4440K, committed 4608K, reserved 1048576K
}
Event: 10.805 GC heap after
{Heap after GC invocations=25 (full 0):
 garbage-first heap   total 147456K, used 44005K [0x00000000c2c00000, 0x0000000100000000)
  region size 1024K, 1 young (1024K), 1 survivors (1024K)
 Metaspace       used 34223K, committed 34560K, reserved 1081344K
  class space    used 4440K, committed 4608K, reserved 1048576K
}
Event: 10.989 GC heap before
{Heap before GC invocations=25 (full 0):
 garbage-first heap   total 147456K, used 96229K [0x00000000c2c00000, 0x0000000100000000)
  region size 1024K, 53 young (54272K), 1 survivors (1024K)
 Metaspace       used 34223K, committed 34560K, reserved 1081344K
  class space    used 4440K, committed 4608K, reserved 1048576K
}
Event: 10.994 GC heap after
{Heap after GC invocations=26 (full 0):
 garbage-first heap   total 147456K, used 46285K [0x00000000c2c00000, 0x0000000100000000)
  region size 1024K, 3 young (3072K), 3 survivors (3072K)
 Metaspace       used 34223K, committed 34560K, reserved 1081344K
  class space    used 4440K, committed 4608K, reserved 1048576K
}
Event: 11.229 GC heap before
{Heap before GC invocations=26 (full 0):
 garbage-first heap   total 147456K, used 108749K [0x00000000c2c00000, 0x0000000100000000)
  region size 1024K, 65 young (66560K), 3 survivors (3072K)
 Metaspace       used 34223K, committed 34560K, reserved 1081344K
  class space    used 4440K, committed 4608K, reserved 1048576K
}
Event: 11.237 GC heap after
{Heap after GC invocations=27 (full 0):
 garbage-first heap   total 147456K, used 49491K [0x00000000c2c00000, 0x0000000100000000)
  region size 1024K, 6 young (6144K), 6 survivors (6144K)
 Metaspace       used 34223K, committed 34560K, reserved 1081344K
  class space    used 4440K, committed 4608K, reserved 1048576K
}
Event: 11.707 GC heap before
{Heap before GC invocations=27 (full 0):
 garbage-first heap   total 147456K, used 111955K [0x00000000c2c00000, 0x0000000100000000)
  region size 1024K, 68 young (69632K), 6 survivors (6144K)
 Metaspace       used 34223K, committed 34560K, reserved 1081344K
  class space    used 4440K, committed 4608K, reserved 1048576K
}
Event: 11.721 GC heap after
{Heap after GC invocations=28 (full 0):
 garbage-first heap   total 147456K, used 53167K [0x00000000c2c00000, 0x0000000100000000)
  region size 1024K, 7 young (7168K), 7 survivors (7168K)
 Metaspace       used 34223K, committed 34560K, reserved 1081344K
  class space    used 4440K, committed 4608K, reserved 1048576K
}
Event: 11.935 GC heap before
{Heap before GC invocations=28 (full 0):
 garbage-first heap   total 147456K, used 114607K [0x00000000c2c00000, 0x0000000100000000)
  region size 1024K, 68 young (69632K), 7 survivors (7168K)
 Metaspace       used 34223K, committed 34560K, reserved 1081344K
  class space    used 4440K, committed 4608K, reserved 1048576K
}

