# JRE version: OpenJDK Runtime Environment Temurin-17.0.3+7 (17.0.3+7) (build 17.0.3+7)
# Java VM: OpenJDK 64-Bit Server VM Temurin-17.0.3+7 (17.0.3+7, mixed mode, emulated-client, tiered, compressed oops, compressed class ptrs, g1 gc, windows-amd64)
GC Precious Log:
 CPUs: 2 total, 2 available
 Memory: 3916M
 Large Page Support: Disabled
 NUMA Support: Disabled
 Compressed Oops: Enabled (32-bit)
 Heap Region Size: 1M
 Heap Min Capacity: 8M
 Heap Initial Capacity: 62M
 Heap Max Capacity: 980M
 Pre-touch: Disabled
 Parallel Workers: 2
 Concurrent Workers: 1
 Concurrent Refinement Workers: 2
 Periodic GC: Disabled
Heap:
 garbage-first heap   total 117760K, used 49331K [0x00000000c2c00000, 0x0000000100000000)
  region size 1024K, 1 young (1024K), 1 survivors (1024K)
 Metaspace       used 37697K, committed 38016K, reserved 1089536K
  class space    used 4745K, committed 4864K, reserved 1048576K
GC Heap History (20 events):
Event: 12.653 GC heap after
{Heap after GC invocations=13 (full 0):
 garbage-first heap   total 54272K, used 25786K [0x00000000c2c00000, 0x0000000100000000)
  region size 1024K, 3 young (3072K), 3 survivors (3072K)
 Metaspace       used 33136K, committed 33408K, reserved 1081344K
  class space    used 4228K, committed 4352K, reserved 1048576K
}
Event: 12.777 GC heap before
{Heap before GC invocations=13 (full 0):
 garbage-first heap   total 54272K, used 39098K [0x00000000c2c00000, 0x0000000100000000)
  region size 1024K, 16 young (16384K), 3 survivors (3072K)
 Metaspace       used 33296K, committed 33600K, reserved 1081344K
  class space    used 4258K, committed 4416K, reserved 1048576K
}
Event: 12.795 GC heap after
{Heap after GC invocations=14 (full 0):
 garbage-first heap   total 54272K, used 31562K [0x00000000c2c00000, 0x0000000100000000)
  region size 1024K, 2 young (2048K), 2 survivors (2048K)
 Metaspace       used 33296K, committed 33600K, reserved 1081344K
  class space    used 4258K, committed 4416K, reserved 1048576K
}
Event: 13.690 GC heap before
{Heap before GC invocations=14 (full 0):
 garbage-first heap   total 54272K, used 38730K [0x00000000c2c00000, 0x0000000100000000)
  region size 1024K, 10 young (10240K), 2 survivors (2048K)
 Metaspace       used 34259K, committed 34624K, reserved 1081344K
  class space    used 4429K, committed 4608K, reserved 1048576K
}
Event: 13.699 GC heap after
{Heap after GC invocations=15 (full 0):
 garbage-first heap   total 54272K, used 32965K [0x00000000c2c00000, 0x0000000100000000)
  region size 1024K, 1 young (1024K), 1 survivors (1024K)
 Metaspace       used 34259K, committed 34624K, reserved 1081344K
  class space    used 4429K, committed 4608K, reserved 1048576K
}
Event: 14.027 GC heap before
{Heap before GC invocations=16 (full 0):
 garbage-first heap   total 60416K, used 39109K [0x00000000c2c00000, 0x0000000100000000)
  region size 1024K, 8 young (8192K), 1 survivors (1024K)
 Metaspace       used 35134K, committed 35456K, reserved 1081344K
  class space    used 4510K, committed 4672K, reserved 1048576K
}
Event: 14.032 GC heap after
{Heap after GC invocations=17 (full 0):
 garbage-first heap   total 60416K, used 33488K [0x00000000c2c00000, 0x0000000100000000)
  region size 1024K, 1 young (1024K), 1 survivors (1024K)
 Metaspace       used 35134K, committed 35456K, reserved 1081344K
  class space    used 4510K, committed 4672K, reserved 1048576K
}
Event: 14.453 GC heap before
{Heap before GC invocations=17 (full 0):
 garbage-first heap   total 60416K, used 43728K [0x00000000c2c00000, 0x0000000100000000)
  region size 1024K, 12 young (12288K), 1 survivors (1024K)
 Metaspace       used 36135K, committed 36480K, reserved 1081344K
  class space    used 4564K, committed 4736K, reserved 1048576K
}
Event: 14.460 GC heap after
{Heap after GC invocations=18 (full 0):
 garbage-first heap   total 95232K, used 36142K [0x00000000c2c00000, 0x0000000100000000)
  region size 1024K, 2 young (2048K), 2 survivors (2048K)
 Metaspace       used 36135K, committed 36480K, reserved 1081344K
  class space    used 4564K, committed 4736K, reserved 1048576K
}
Event: 15.053 GC heap before
{Heap before GC invocations=19 (full 0):
 garbage-first heap   total 95232K, used 68910K [0x00000000c2c00000, 0x0000000100000000)
  region size 1024K, 34 young (34816K), 2 survivors (2048K)
 Metaspace       used 37355K, committed 37696K, reserved 1089536K
  class space    used 4708K, committed 4864K, reserved 1048576K
}
Event: 15.085 GC heap after
{Heap after GC invocations=20 (full 0):
 garbage-first heap   total 95232K, used 44755K [0x00000000c2c00000, 0x0000000100000000)
  region size 1024K, 5 young (5120K), 5 survivors (5120K)
 Metaspace       used 37355K, committed 37696K, reserved 1089536K
  class space    used 4708K, committed 4864K, reserved 1048576K
}
Event: 15.112 GC heap before
{Heap before GC invocations=20 (full 0):
 garbage-first heap   total 95232K, used 45779K [0x00000000c2c00000, 0x0000000100000000)
  region size 1024K, 6 young (6144K), 5 survivors (5120K)
 Metaspace       used 37370K, committed 37696K, reserved 1089536K
  class space    used 4711K, committed 4864K, reserved 1048576K
}
Event: 15.124 GC heap after
{Heap after GC invocations=21 (full 0):
 garbage-first heap   total 95232K, used 45465K [0x00000000c2c00000, 0x0000000100000000)
  region size 1024K, 1 young (1024K), 1 survivors (1024K)
 Metaspace       used 37370K, committed 37696K, reserved 1089536K
  class space    used 4711K, committed 4864K, reserved 1048576K
}
Event: 15.565 GC heap before
{Heap before GC invocations=21 (full 0):
 garbage-first heap   total 95232K, used 66969K [0x00000000c2c00000, 0x0000000100000000)
  region size 1024K, 23 young (23552K), 1 survivors (1024K)
 Metaspace       used 37620K, committed 37952K, reserved 1089536K
  class space    used 4741K, committed 4864K, reserved 1048576K
}
Event: 15.571 GC heap after
{Heap after GC invocations=22 (full 0):
 garbage-first heap   total 95232K, used 46659K [0x00000000c2c00000, 0x0000000100000000)
  region size 1024K, 2 young (2048K), 2 survivors (2048K)
 Metaspace       used 37620K, committed 37952K, reserved 1089536K
  class space    used 4741K, committed 4864K, reserved 1048576K
}
Event: 15.680 GC heap before
{Heap before GC invocations=22 (full 0):
 garbage-first heap   total 117760K, used 69187K [0x00000000c2c00000, 0x0000000100000000)
  region size 1024K, 25 young (25600K), 2 survivors (2048K)
 Metaspace       used 37697K, committed 38016K, reserved 1089536K
  class space    used 4745K, committed 4864K, reserved 1048576K
}
Event: 15.686 GC heap after
{Heap after GC invocations=23 (full 0):
 garbage-first heap   total 117760K, used 47665K [0x00000000c2c00000, 0x0000000100000000)
  region size 1024K, 3 young (3072K), 3 survivors (3072K)
 Metaspace       used 37697K, committed 38016K, reserved 1089536K
  class space    used 4745K, committed 4864K, reserved 1048576K
}
Event: 15.809 GC heap before
{Heap before GC invocations=24 (full 0):
 garbage-first heap   total 117760K, used 86577K [0x00000000c2c00000, 0x0000000100000000)
  region size 1024K, 42 young (43008K), 3 survivors (3072K)
 Metaspace       used 37697K, committed 38016K, reserved 1089536K
  class space    used 4745K, committed 4864K, reserved 1048576K
}
Event: 15.814 GC heap after
{Heap after GC invocations=25 (full 0):
 garbage-first heap   total 117760K, used 49525K [0x00000000c2c00000, 0x0000000100000000)
  region size 1024K, 5 young (5120K), 5 survivors (5120K)
 Metaspace       used 37697K, committed 38016K, reserved 1089536K
  class space    used 4745K, committed 4864K, reserved 1048576K
}
Event: 15.819 GC heap before
{Heap before GC invocations=25 (full 0):
 garbage-first heap   total 117760K, used 49525K [0x00000000c2c00000, 0x0000000100000000)
  region size 1024K, 6 young (6144K), 5 survivors (5120K)
 Metaspace       used 37697K, committed 38016K, reserved 1089536K
  class space    used 4745K, committed 4864K, reserved 1048576K
}

