# JRE version: OpenJDK Runtime Environment Temurin-17.0.3+7 (17.0.3+7) (build 17.0.3+7)
# Java VM: OpenJDK 64-Bit Server VM Temurin-17.0.3+7 (17.0.3+7, mixed mode, emulated-client, tiered, compressed oops, compressed class ptrs, g1 gc, windows-amd64)
GC Precious Log:
 CPUs: 2 total, 2 available
 Memory: 3916M
 Large Page Support: Disabled
 NUMA Support: Disabled
 Compressed Oops: Enabled (32-bit)
 Heap Region Size: 1M
 Heap Min Capacity: 8M
 Heap Initial Capacity: 62M
 Heap Max Capacity: 980M
 Pre-touch: Disabled
 Parallel Workers: 2
 Concurrent Workers: 1
 Concurrent Refinement Workers: 2
 Periodic GC: Disabled
Heap:
 garbage-first heap   total 156672K, used 63479K [0x00000000c2c00000, 0x0000000100000000)
  region size 1024K, 7 young (7168K), 7 survivors (7168K)
 Metaspace       used 34217K, committed 34560K, reserved 1081344K
  class space    used 4439K, committed 4608K, reserved 1048576K
GC Heap History (20 events):
Event: 8.475 GC heap after
{Heap after GC invocations=19 (full 0):
 garbage-first heap   total 96256K, used 42881K [0x00000000c2c00000, 0x0000000100000000)
  region size 1024K, 2 young (2048K), 2 survivors (2048K)
 Metaspace       used 34163K, committed 34560K, reserved 1081344K
  class space    used 4427K, committed 4608K, reserved 1048576K
}
Event: 8.550 GC heap before
{Heap before GC invocations=19 (full 0):
 garbage-first heap   total 96256K, used 63361K [0x00000000c2c00000, 0x0000000100000000)
  region size 1024K, 24 young (24576K), 2 survivors (2048K)
 Metaspace       used 34163K, committed 34560K, reserved 1081344K
  class space    used 4427K, committed 4608K, reserved 1048576K
}
Event: 8.554 GC heap after
{Heap after GC invocations=20 (full 0):
 garbage-first heap   total 96256K, used 43824K [0x00000000c2c00000, 0x0000000100000000)
  region size 1024K, 3 young (3072K), 3 survivors (3072K)
 Metaspace       used 34163K, committed 34560K, reserved 1081344K
  class space    used 4427K, committed 4608K, reserved 1048576K
}
Event: 8.617 GC heap before
{Heap before GC invocations=20 (full 0):
 garbage-first heap   total 96256K, used 65328K [0x00000000c2c00000, 0x0000000100000000)
  region size 1024K, 25 young (25600K), 3 survivors (3072K)
 Metaspace       used 34163K, committed 34560K, reserved 1081344K
  class space    used 4427K, committed 4608K, reserved 1048576K
}
Event: 8.621 GC heap after
{Heap after GC invocations=21 (full 0):
 garbage-first heap   total 96256K, used 45189K [0x00000000c2c00000, 0x0000000100000000)
  region size 1024K, 3 young (3072K), 3 survivors (3072K)
 Metaspace       used 34163K, committed 34560K, reserved 1081344K
  class space    used 4427K, committed 4608K, reserved 1048576K
}
Event: 8.689 GC heap before
{Heap before GC invocations=21 (full 0):
 garbage-first heap   total 96256K, used 68741K [0x00000000c2c00000, 0x0000000100000000)
  region size 1024K, 27 young (27648K), 3 survivors (3072K)
 Metaspace       used 34163K, committed 34560K, reserved 1081344K
  class space    used 4427K, committed 4608K, reserved 1048576K
}
Event: 8.694 GC heap after
{Heap after GC invocations=22 (full 0):
 garbage-first heap   total 96256K, used 46073K [0x00000000c2c00000, 0x0000000100000000)
  region size 1024K, 3 young (3072K), 3 survivors (3072K)
 Metaspace       used 34163K, committed 34560K, reserved 1081344K
  class space    used 4427K, committed 4608K, reserved 1048576K
}
Event: 8.895 GC heap before
{Heap before GC invocations=22 (full 0):
 garbage-first heap   total 111616K, used 70649K [0x00000000c2c00000, 0x0000000100000000)
  region size 1024K, 28 young (28672K), 3 survivors (3072K)
 Metaspace       used 34163K, committed 34560K, reserved 1081344K
  class space    used 4427K, committed 4608K, reserved 1048576K
}
Event: 8.901 GC heap after
{Heap after GC invocations=23 (full 0):
 garbage-first heap   total 156672K, used 47493K [0x00000000c2c00000, 0x0000000100000000)
  region size 1024K, 3 young (3072K), 3 survivors (3072K)
 Metaspace       used 34163K, committed 34560K, reserved 1081344K
  class space    used 4427K, committed 4608K, reserved 1048576K
}
Event: 9.309 GC heap before
{Heap before GC invocations=24 (full 0):
 garbage-first heap   total 156672K, used 109957K [0x00000000c2c00000, 0x0000000100000000)
  region size 1024K, 65 young (66560K), 3 survivors (3072K)
 Metaspace       used 34163K, committed 34560K, reserved 1081344K
  class space    used 4427K, committed 4608K, reserved 1048576K
}
Event: 9.321 GC heap after
{Heap after GC invocations=25 (full 0):
 garbage-first heap   total 156672K, used 50371K [0x00000000c2c00000, 0x0000000100000000)
  region size 1024K, 6 young (6144K), 6 survivors (6144K)
 Metaspace       used 34163K, committed 34560K, reserved 1081344K
  class space    used 4427K, committed 4608K, reserved 1048576K
}
Event: 9.326 GC heap before
{Heap before GC invocations=25 (full 0):
 garbage-first heap   total 156672K, used 50371K [0x00000000c2c00000, 0x0000000100000000)
  region size 1024K, 7 young (7168K), 6 survivors (6144K)
 Metaspace       used 34163K, committed 34560K, reserved 1081344K
  class space    used 4427K, committed 4608K, reserved 1048576K
}
Event: 9.333 GC heap after
{Heap after GC invocations=26 (full 0):
 garbage-first heap   total 156672K, used 51085K [0x00000000c2c00000, 0x0000000100000000)
  region size 1024K, 1 young (1024K), 1 survivors (1024K)
 Metaspace       used 34163K, committed 34560K, reserved 1081344K
  class space    used 4427K, committed 4608K, reserved 1048576K
}
Event: 9.618 GC heap before
{Heap before GC invocations=26 (full 0):
 garbage-first heap   total 156672K, used 118669K [0x00000000c2c00000, 0x0000000100000000)
  region size 1024K, 68 young (69632K), 1 survivors (1024K)
 Metaspace       used 34163K, committed 34560K, reserved 1081344K
  class space    used 4427K, committed 4608K, reserved 1048576K
}
Event: 9.625 GC heap after
{Heap after GC invocations=27 (full 0):
 garbage-first heap   total 156672K, used 53623K [0x00000000c2c00000, 0x0000000100000000)
  region size 1024K, 4 young (4096K), 4 survivors (4096K)
 Metaspace       used 34163K, committed 34560K, reserved 1081344K
  class space    used 4427K, committed 4608K, reserved 1048576K
}
Event: 9.850 GC heap before
{Heap before GC invocations=27 (full 0):
 garbage-first heap   total 156672K, used 122231K [0x00000000c2c00000, 0x0000000100000000)
  region size 1024K, 71 young (72704K), 4 survivors (4096K)
 Metaspace       used 34217K, committed 34560K, reserved 1081344K
  class space    used 4439K, committed 4608K, reserved 1048576K
}
Event: 9.862 GC heap after
{Heap after GC invocations=28 (full 0):
 garbage-first heap   total 156672K, used 57181K [0x00000000c2c00000, 0x0000000100000000)
  region size 1024K, 7 young (7168K), 7 survivors (7168K)
 Metaspace       used 34217K, committed 34560K, reserved 1081344K
  class space    used 4439K, committed 4608K, reserved 1048576K
}
Event: 10.132 GC heap before
{Heap before GC invocations=28 (full 0):
 garbage-first heap   total 156672K, used 123741K [0x00000000c2c00000, 0x0000000100000000)
  region size 1024K, 73 young (74752K), 7 survivors (7168K)
 Metaspace       used 34217K, committed 34560K, reserved 1081344K
  class space    used 4439K, committed 4608K, reserved 1048576K
}
Event: 10.153 GC heap after
{Heap after GC invocations=29 (full 0):
 garbage-first heap   total 156672K, used 60205K [0x00000000c2c00000, 0x0000000100000000)
  region size 1024K, 7 young (7168K), 7 survivors (7168K)
 Metaspace       used 34217K, committed 34560K, reserved 1081344K
  class space    used 4439K, committed 4608K, reserved 1048576K
}
Event: 10.386 GC heap before
{Heap before GC invocations=29 (full 0):
 garbage-first heap   total 156672K, used 125741K [0x00000000c2c00000, 0x0000000100000000)
  region size 1024K, 72 young (73728K), 7 survivors (7168K)
 Metaspace       used 34217K, committed 34560K, reserved 1081344K
  class space    used 4439K, committed 4608K, reserved 1048576K
}

