# JRE version: OpenJDK Runtime Environment Temurin-17.0.3+7 (17.0.3+7) (build 17.0.3+7)
# Java VM: OpenJDK 64-Bit Server VM Temurin-17.0.3+7 (17.0.3+7, mixed mode, emulated-client, tiered, compressed oops, compressed class ptrs, g1 gc, windows-amd64)
GC Precious Log:
 CPUs: 2 total, 2 available
 Memory: 3916M
 Large Page Support: Disabled
 NUMA Support: Disabled
 Compressed Oops: Enabled (32-bit)
 Heap Region Size: 1M
 Heap Min Capacity: 8M
 Heap Initial Capacity: 62M
 Heap Max Capacity: 980M
 Pre-touch: Disabled
 Parallel Workers: 2
 Concurrent Workers: 1
 Concurrent Refinement Workers: 2
 Periodic GC: Disabled
Heap:
 garbage-first heap   total 237568K, used 91136K [0x00000000c2c00000, 0x0000000100000000)
  region size 1024K, 11 young (11264K), 11 survivors (11264K)
 Metaspace       used 34187K, committed 34560K, reserved 1081344K
  class space    used 4433K, committed 4608K, reserved 1048576K
GC Heap History (20 events):
Event: 8.315 GC heap after
{Heap after GC invocations=20 (full 0):
 garbage-first heap   total 109568K, used 49098K [0x00000000c2c00000, 0x0000000100000000)
  region size 1024K, 4 young (4096K), 4 survivors (4096K)
 Metaspace       used 34184K, committed 34560K, reserved 1081344K
  class space    used 4433K, committed 4608K, reserved 1048576K
}
Event: 8.407 GC heap before
{Heap before GC invocations=20 (full 0):
 garbage-first heap   total 109568K, used 83914K [0x00000000c2c00000, 0x0000000100000000)
  region size 1024K, 39 young (39936K), 4 survivors (4096K)
 Metaspace       used 34184K, committed 34560K, reserved 1081344K
  class space    used 4433K, committed 4608K, reserved 1048576K
}
Event: 8.414 GC heap after
{Heap after GC invocations=21 (full 0):
 garbage-first heap   total 167936K, used 50984K [0x00000000c2c00000, 0x0000000100000000)
  region size 1024K, 4 young (4096K), 4 survivors (4096K)
 Metaspace       used 34184K, committed 34560K, reserved 1081344K
  class space    used 4433K, committed 4608K, reserved 1048576K
}
Event: 8.610 GC heap before
{Heap before GC invocations=21 (full 0):
 garbage-first heap   total 167936K, used 126760K [0x00000000c2c00000, 0x0000000100000000)
  region size 1024K, 78 young (79872K), 4 survivors (4096K)
 Metaspace       used 34184K, committed 34560K, reserved 1081344K
  class space    used 4433K, committed 4608K, reserved 1048576K
}
Event: 8.619 GC heap after
{Heap after GC invocations=22 (full 0):
 garbage-first heap   total 167936K, used 54773K [0x00000000c2c00000, 0x0000000100000000)
  region size 1024K, 8 young (8192K), 8 survivors (8192K)
 Metaspace       used 34184K, committed 34560K, reserved 1081344K
  class space    used 4433K, committed 4608K, reserved 1048576K
}
Event: 8.813 GC heap before
{Heap before GC invocations=22 (full 0):
 garbage-first heap   total 167936K, used 131573K [0x00000000c2c00000, 0x0000000100000000)
  region size 1024K, 83 young (84992K), 8 survivors (8192K)
 Metaspace       used 34184K, committed 34560K, reserved 1081344K
  class space    used 4433K, committed 4608K, reserved 1048576K
}
Event: 8.824 GC heap after
{Heap after GC invocations=23 (full 0):
 garbage-first heap   total 167936K, used 58856K [0x00000000c2c00000, 0x0000000100000000)
  region size 1024K, 10 young (10240K), 10 survivors (10240K)
 Metaspace       used 34184K, committed 34560K, reserved 1081344K
  class space    used 4433K, committed 4608K, reserved 1048576K
}
Event: 9.435 GC heap before
{Heap before GC invocations=23 (full 0):
 garbage-first heap   total 167936K, used 134632K [0x00000000c2c00000, 0x0000000100000000)
  region size 1024K, 84 young (86016K), 10 survivors (10240K)
 Metaspace       used 34184K, committed 34560K, reserved 1081344K
  class space    used 4433K, committed 4608K, reserved 1048576K
}
Event: 9.449 GC heap after
{Heap after GC invocations=24 (full 0):
 garbage-first heap   total 167936K, used 62241K [0x00000000c2c00000, 0x0000000100000000)
  region size 1024K, 8 young (8192K), 8 survivors (8192K)
 Metaspace       used 34184K, committed 34560K, reserved 1081344K
  class space    used 4433K, committed 4608K, reserved 1048576K
}
Event: 9.645 GC heap before
{Heap before GC invocations=24 (full 0):
 garbage-first heap   total 167936K, used 135969K [0x00000000c2c00000, 0x0000000100000000)
  region size 1024K, 80 young (81920K), 8 survivors (8192K)
 Metaspace       used 34184K, committed 34560K, reserved 1081344K
  class space    used 4433K, committed 4608K, reserved 1048576K
}
Event: 9.657 GC heap after
{Heap after GC invocations=25 (full 0):
 garbage-first heap   total 167936K, used 66474K [0x00000000c2c00000, 0x0000000100000000)
  region size 1024K, 8 young (8192K), 8 survivors (8192K)
 Metaspace       used 34184K, committed 34560K, reserved 1081344K
  class space    used 4433K, committed 4608K, reserved 1048576K
}
Event: 9.867 GC heap before
{Heap before GC invocations=25 (full 0):
 garbage-first heap   total 167936K, used 138154K [0x00000000c2c00000, 0x0000000100000000)
  region size 1024K, 78 young (79872K), 8 survivors (8192K)
 Metaspace       used 34184K, committed 34560K, reserved 1081344K
  class space    used 4433K, committed 4608K, reserved 1048576K
}
Event: 9.885 GC heap after
{Heap after GC invocations=26 (full 0):
 garbage-first heap   total 237568K, used 70144K [0x00000000c2c00000, 0x0000000100000000)
  region size 1024K, 8 young (8192K), 8 survivors (8192K)
 Metaspace       used 34184K, committed 34560K, reserved 1081344K
  class space    used 4433K, committed 4608K, reserved 1048576K
}
Event: 10.242 GC heap before
{Heap before GC invocations=26 (full 0):
 garbage-first heap   total 237568K, used 193024K [0x00000000c2c00000, 0x0000000100000000)
  region size 1024K, 129 young (132096K), 8 survivors (8192K)
 Metaspace       used 34184K, committed 34560K, reserved 1081344K
  class space    used 4433K, committed 4608K, reserved 1048576K
}
Event: 10.261 GC heap after
{Heap after GC invocations=27 (full 0):
 garbage-first heap   total 237568K, used 75776K [0x00000000c2c00000, 0x0000000100000000)
  region size 1024K, 13 young (13312K), 13 survivors (13312K)
 Metaspace       used 34184K, committed 34560K, reserved 1081344K
  class space    used 4433K, committed 4608K, reserved 1048576K
}
Event: 10.503 GC heap before
{Heap before GC invocations=27 (full 0):
 garbage-first heap   total 237568K, used 191488K [0x00000000c2c00000, 0x0000000100000000)
  region size 1024K, 126 young (129024K), 13 survivors (13312K)
 Metaspace       used 34184K, committed 34560K, reserved 1081344K
  class space    used 4433K, committed 4608K, reserved 1048576K
}
Event: 10.522 GC heap after
{Heap after GC invocations=28 (full 0):
 garbage-first heap   total 237568K, used 80234K [0x00000000c2c00000, 0x0000000100000000)
  region size 1024K, 11 young (11264K), 11 survivors (11264K)
 Metaspace       used 34184K, committed 34560K, reserved 1081344K
  class space    used 4433K, committed 4608K, reserved 1048576K
}
Event: 10.803 GC heap before
{Heap before GC invocations=28 (full 0):
 garbage-first heap   total 237568K, used 193898K [0x00000000c2c00000, 0x0000000100000000)
  region size 1024K, 123 young (125952K), 11 survivors (11264K)
 Metaspace       used 34187K, committed 34560K, reserved 1081344K
  class space    used 4433K, committed 4608K, reserved 1048576K
}
Event: 10.823 GC heap after
{Heap after GC invocations=29 (full 0):
 garbage-first heap   total 237568K, used 84992K [0x00000000c2c00000, 0x0000000100000000)
  region size 1024K, 9 young (9216K), 9 survivors (9216K)
 Metaspace       used 34187K, committed 34560K, reserved 1081344K
  class space    used 4433K, committed 4608K, reserved 1048576K
}
Event: 11.377 GC heap before
{Heap before GC invocations=29 (full 0):
 garbage-first heap   total 237568K, used 196608K [0x00000000c2c00000, 0x0000000100000000)
  region size 1024K, 119 young (121856K), 9 survivors (9216K)
 Metaspace       used 34187K, committed 34560K, reserved 1081344K
  class space    used 4433K, committed 4608K, reserved 1048576K
}

