# JRE version: OpenJDK Runtime Environment Temurin-17.0.3+7 (17.0.3+7) (build 17.0.3+7)
# Java VM: OpenJDK 64-Bit Server VM Temurin-17.0.3+7 (17.0.3+7, mixed mode, emulated-client, tiered, compressed oops, compressed class ptrs, g1 gc, windows-amd64)
GC Precious Log:
 CPUs: 2 total, 2 available
 Memory: 3916M
 Large Page Support: Disabled
 NUMA Support: Disabled
 Compressed Oops: Enabled (32-bit)
 Heap Region Size: 1M
 Heap Min Capacity: 8M
 Heap Initial Capacity: 62M
 Heap Max Capacity: 980M
 Pre-touch: Disabled
 Parallel Workers: 2
 Concurrent Workers: 1
 Concurrent Refinement Workers: 2
 Periodic GC: Disabled
Heap:
 garbage-first heap   total 92160K, used 43648K [0x00000000c2c00000, 0x0000000100000000)
  region size 1024K, 2 young (2048K), 2 survivors (2048K)
 Metaspace       used 34221K, committed 34560K, reserved 1081344K
  class space    used 4438K, committed 4608K, reserved 1048576K
GC Heap History (20 events):
Event: 8.064 GC heap after
{Heap after GC invocations=12 (full 0):
 garbage-first heap   total 54272K, used 23640K [0x00000000c2c00000, 0x0000000100000000)
  region size 1024K, 3 young (3072K), 3 survivors (3072K)
 Metaspace       used 32726K, committed 33024K, reserved 1081344K
  class space    used 4164K, committed 4288K, reserved 1048576K
}
Event: 8.543 GC heap before
{Heap before GC invocations=12 (full 0):
 garbage-first heap   total 54272K, used 39000K [0x00000000c2c00000, 0x0000000100000000)
  region size 1024K, 18 young (18432K), 3 survivors (3072K)
 Metaspace       used 33718K, committed 33984K, reserved 1081344K
  class space    used 4361K, committed 4480K, reserved 1048576K
}
Event: 8.554 GC heap after
{Heap after GC invocations=13 (full 0):
 garbage-first heap   total 54272K, used 26844K [0x00000000c2c00000, 0x0000000100000000)
  region size 1024K, 3 young (3072K), 3 survivors (3072K)
 Metaspace       used 33718K, committed 33984K, reserved 1081344K
  class space    used 4361K, committed 4480K, reserved 1048576K
}
Event: 9.070 GC heap before
{Heap before GC invocations=13 (full 0):
 garbage-first heap   total 54272K, used 40156K [0x00000000c2c00000, 0x0000000100000000)
  region size 1024K, 16 young (16384K), 3 survivors (3072K)
 Metaspace       used 33942K, committed 34240K, reserved 1081344K
  class space    used 4406K, committed 4544K, reserved 1048576K
}
Event: 9.089 GC heap after
{Heap after GC invocations=14 (full 0):
 garbage-first heap   total 54272K, used 32139K [0x00000000c2c00000, 0x0000000100000000)
  region size 1024K, 2 young (2048K), 2 survivors (2048K)
 Metaspace       used 33942K, committed 34240K, reserved 1081344K
  class space    used 4406K, committed 4544K, reserved 1048576K
}
Event: 9.770 GC heap before
{Heap before GC invocations=15 (full 0):
 garbage-first heap   total 56320K, used 40331K [0x00000000c2c00000, 0x0000000100000000)
  region size 1024K, 10 young (10240K), 2 survivors (2048K)
 Metaspace       used 33942K, committed 34240K, reserved 1081344K
  class space    used 4406K, committed 4544K, reserved 1048576K
}
Event: 9.780 GC heap after
{Heap after GC invocations=16 (full 0):
 garbage-first heap   total 56320K, used 34211K [0x00000000c2c00000, 0x0000000100000000)
  region size 1024K, 2 young (2048K), 2 survivors (2048K)
 Metaspace       used 33942K, committed 34240K, reserved 1081344K
  class space    used 4406K, committed 4544K, reserved 1048576K
}
Event: 9.875 GC heap before
{Heap before GC invocations=16 (full 0):
 garbage-first heap   total 56320K, used 41379K [0x00000000c2c00000, 0x0000000100000000)
  region size 1024K, 10 young (10240K), 2 survivors (2048K)
 Metaspace       used 33943K, committed 34240K, reserved 1081344K
  class space    used 4407K, committed 4544K, reserved 1048576K
}
Event: 9.886 GC heap after
{Heap after GC invocations=17 (full 0):
 garbage-first heap   total 69632K, used 36465K [0x00000000c2c00000, 0x0000000100000000)
  region size 1024K, 2 young (2048K), 2 survivors (2048K)
 Metaspace       used 33943K, committed 34240K, reserved 1081344K
  class space    used 4407K, committed 4544K, reserved 1048576K
}
Event: 10.609 GC heap before
{Heap before GC invocations=18 (full 0):
 garbage-first heap   total 70656K, used 50801K [0x00000000c2c00000, 0x0000000100000000)
  region size 1024K, 17 young (17408K), 2 survivors (2048K)
 Metaspace       used 33997K, committed 34368K, reserved 1081344K
  class space    used 4416K, committed 4608K, reserved 1048576K
}
Event: 10.626 GC heap after
{Heap after GC invocations=19 (full 0):
 garbage-first heap   total 70656K, used 41486K [0x00000000c2c00000, 0x0000000100000000)
  region size 1024K, 3 young (3072K), 3 survivors (3072K)
 Metaspace       used 33997K, committed 34368K, reserved 1081344K
  class space    used 4416K, committed 4608K, reserved 1048576K
}
Event: 10.640 GC heap before
{Heap before GC invocations=19 (full 0):
 garbage-first heap   total 70656K, used 42510K [0x00000000c2c00000, 0x0000000100000000)
  region size 1024K, 4 young (4096K), 3 survivors (3072K)
 Metaspace       used 33997K, committed 34368K, reserved 1081344K
  class space    used 4416K, committed 4608K, reserved 1048576K
}
Event: 10.652 GC heap after
{Heap after GC invocations=20 (full 0):
 garbage-first heap   total 70656K, used 41887K [0x00000000c2c00000, 0x0000000100000000)
  region size 1024K, 1 young (1024K), 1 survivors (1024K)
 Metaspace       used 33997K, committed 34368K, reserved 1081344K
  class space    used 4416K, committed 4608K, reserved 1048576K
}
Event: 11.024 GC heap before
{Heap before GC invocations=20 (full 0):
 garbage-first heap   total 70656K, used 52127K [0x00000000c2c00000, 0x0000000100000000)
  region size 1024K, 13 young (13312K), 1 survivors (1024K)
 Metaspace       used 34221K, committed 34560K, reserved 1081344K
  class space    used 4438K, committed 4608K, reserved 1048576K
}
Event: 11.027 GC heap after
{Heap after GC invocations=21 (full 0):
 garbage-first heap   total 70656K, used 42210K [0x00000000c2c00000, 0x0000000100000000)
  region size 1024K, 1 young (1024K), 1 survivors (1024K)
 Metaspace       used 34221K, committed 34560K, reserved 1081344K
  class space    used 4438K, committed 4608K, reserved 1048576K
}
Event: 11.203 GC heap before
{Heap before GC invocations=22 (full 0):
 garbage-first heap   total 92160K, used 53474K [0x00000000c2c00000, 0x0000000100000000)
  region size 1024K, 13 young (13312K), 1 survivors (1024K)
 Metaspace       used 34221K, committed 34560K, reserved 1081344K
  class space    used 4438K, committed 4608K, reserved 1048576K
}
Event: 11.206 GC heap after
{Heap after GC invocations=23 (full 0):
 garbage-first heap   total 92160K, used 42763K [0x00000000c2c00000, 0x0000000100000000)
  region size 1024K, 2 young (2048K), 2 survivors (2048K)
 Metaspace       used 34221K, committed 34560K, reserved 1081344K
  class space    used 4438K, committed 4608K, reserved 1048576K
}
Event: 11.214 GC heap before
{Heap before GC invocations=23 (full 0):
 garbage-first heap   total 92160K, used 43787K [0x00000000c2c00000, 0x0000000100000000)
  region size 1024K, 4 young (4096K), 2 survivors (2048K)
 Metaspace       used 34221K, committed 34560K, reserved 1081344K
  class space    used 4438K, committed 4608K, reserved 1048576K
}
Event: 11.219 GC heap after
{Heap after GC invocations=24 (full 0):
 garbage-first heap   total 92160K, used 42515K [0x00000000c2c00000, 0x0000000100000000)
  region size 1024K, 1 young (1024K), 1 survivors (1024K)
 Metaspace       used 34221K, committed 34560K, reserved 1081344K
  class space    used 4438K, committed 4608K, reserved 1048576K
}
Event: 11.349 GC heap before
{Heap before GC invocations=24 (full 0):
 garbage-first heap   total 92160K, used 67091K [0x00000000c2c00000, 0x0000000100000000)
  region size 1024K, 26 young (26624K), 1 survivors (1024K)
 Metaspace       used 34221K, committed 34560K, reserved 1081344K
  class space    used 4438K, committed 4608K, reserved 1048576K
}

