# JRE version: OpenJDK Runtime Environment Temurin-17.0.3+7 (17.0.3+7) (build 17.0.3+7)
# Java VM: OpenJDK 64-Bit Server VM Temurin-17.0.3+7 (17.0.3+7, mixed mode, emulated-client, tiered, compressed oops, compressed class ptrs, g1 gc, windows-amd64)
GC Precious Log:
 CPUs: 2 total, 2 available
 Memory: 3916M
 Large Page Support: Disabled
 NUMA Support: Disabled
 Compressed Oops: Enabled (32-bit)
 Heap Region Size: 1M
 Heap Min Capacity: 8M
 Heap Initial Capacity: 62M
 Heap Max Capacity: 980M
 Pre-touch: Disabled
 Parallel Workers: 2
 Concurrent Workers: 1
 Concurrent Refinement Workers: 2
 Periodic GC: Disabled
Heap:
 garbage-first heap   total 183296K, used 69403K [0x00000000c2c00000, 0x0000000100000000)
  region size 1024K, 9 young (9216K), 9 survivors (9216K)
 Metaspace       used 34280K, committed 34624K, reserved 1081344K
  class space    used 4444K, committed 4608K, reserved 1048576K
GC Heap History (20 events):
Event: 8.540 GC heap after
{Heap after GC invocations=14 (full 0):
 garbage-first heap   total 82944K, used 39864K [0x00000000c2c00000, 0x0000000100000000)
  region size 1024K, 3 young (3072K), 3 survivors (3072K)
 Metaspace       used 34041K, committed 34368K, reserved 1081344K
  class space    used 4422K, committed 4544K, reserved 1048576K
}
Event: 9.038 GC heap before
{Heap before GC invocations=14 (full 0):
 garbage-first heap   total 82944K, used 57272K [0x00000000c2c00000, 0x0000000100000000)
  region size 1024K, 21 young (21504K), 3 survivors (3072K)
 Metaspace       used 34280K, committed 34624K, reserved 1081344K
  class space    used 4444K, committed 4608K, reserved 1048576K
}
Event: 9.044 GC heap after
{Heap after GC invocations=15 (full 0):
 garbage-first heap   total 82944K, used 42075K [0x00000000c2c00000, 0x0000000100000000)
  region size 1024K, 2 young (2048K), 2 survivors (2048K)
 Metaspace       used 34280K, committed 34624K, reserved 1081344K
  class space    used 4444K, committed 4608K, reserved 1048576K
}
Event: 9.105 GC heap before
{Heap before GC invocations=15 (full 0):
 garbage-first heap   total 82944K, used 59483K [0x00000000c2c00000, 0x0000000100000000)
  region size 1024K, 20 young (20480K), 2 survivors (2048K)
 Metaspace       used 34280K, committed 34624K, reserved 1081344K
  class space    used 4444K, committed 4608K, reserved 1048576K
}
Event: 9.109 GC heap after
{Heap after GC invocations=16 (full 0):
 garbage-first heap   total 82944K, used 42424K [0x00000000c2c00000, 0x0000000100000000)
  region size 1024K, 2 young (2048K), 2 survivors (2048K)
 Metaspace       used 34280K, committed 34624K, reserved 1081344K
  class space    used 4444K, committed 4608K, reserved 1048576K
}
Event: 9.217 GC heap before
{Heap before GC invocations=16 (full 0):
 garbage-first heap   total 104448K, used 60856K [0x00000000c2c00000, 0x0000000100000000)
  region size 1024K, 21 young (21504K), 2 survivors (2048K)
 Metaspace       used 34280K, committed 34624K, reserved 1081344K
  class space    used 4444K, committed 4608K, reserved 1048576K
}
Event: 9.221 GC heap after
{Heap after GC invocations=17 (full 0):
 garbage-first heap   total 104448K, used 43527K [0x00000000c2c00000, 0x0000000100000000)
  region size 1024K, 2 young (2048K), 2 survivors (2048K)
 Metaspace       used 34280K, committed 34624K, reserved 1081344K
  class space    used 4444K, committed 4608K, reserved 1048576K
}
Event: 9.316 GC heap before
{Heap before GC invocations=18 (full 0):
 garbage-first heap   total 104448K, used 78343K [0x00000000c2c00000, 0x0000000100000000)
  region size 1024K, 37 young (37888K), 2 survivors (2048K)
 Metaspace       used 34280K, committed 34624K, reserved 1081344K
  class space    used 4444K, committed 4608K, reserved 1048576K
}
Event: 9.320 GC heap after
{Heap after GC invocations=19 (full 0):
 garbage-first heap   total 104448K, used 45148K [0x00000000c2c00000, 0x0000000100000000)
  region size 1024K, 4 young (4096K), 4 survivors (4096K)
 Metaspace       used 34280K, committed 34624K, reserved 1081344K
  class space    used 4444K, committed 4608K, reserved 1048576K
}
Event: 9.438 GC heap before
{Heap before GC invocations=19 (full 0):
 garbage-first heap   total 104448K, used 79964K [0x00000000c2c00000, 0x0000000100000000)
  region size 1024K, 39 young (39936K), 4 survivors (4096K)
 Metaspace       used 34280K, committed 34624K, reserved 1081344K
  class space    used 4444K, committed 4608K, reserved 1048576K
}
Event: 9.446 GC heap after
{Heap after GC invocations=20 (full 0):
 garbage-first heap   total 183296K, used 46919K [0x00000000c2c00000, 0x0000000100000000)
  region size 1024K, 4 young (4096K), 4 survivors (4096K)
 Metaspace       used 34280K, committed 34624K, reserved 1081344K
  class space    used 4444K, committed 4608K, reserved 1048576K
}
Event: 9.781 GC heap before
{Heap before GC invocations=20 (full 0):
 garbage-first heap   total 183296K, used 141127K [0x00000000c2c00000, 0x0000000100000000)
  region size 1024K, 97 young (99328K), 4 survivors (4096K)
 Metaspace       used 34280K, committed 34624K, reserved 1081344K
  class space    used 4444K, committed 4608K, reserved 1048576K
}
Event: 9.796 GC heap after
{Heap after GC invocations=21 (full 0):
 garbage-first heap   total 183296K, used 51362K [0x00000000c2c00000, 0x0000000100000000)
  region size 1024K, 8 young (8192K), 8 survivors (8192K)
 Metaspace       used 34280K, committed 34624K, reserved 1081344K
  class space    used 4444K, committed 4608K, reserved 1048576K
}
Event: 10.402 GC heap before
{Heap before GC invocations=21 (full 0):
 garbage-first heap   total 183296K, used 141474K [0x00000000c2c00000, 0x0000000100000000)
  region size 1024K, 97 young (99328K), 8 survivors (8192K)
 Metaspace       used 34280K, committed 34624K, reserved 1081344K
  class space    used 4444K, committed 4608K, reserved 1048576K
}
Event: 10.416 GC heap after
{Heap after GC invocations=22 (full 0):
 garbage-first heap   total 183296K, used 55566K [0x00000000c2c00000, 0x0000000100000000)
  region size 1024K, 11 young (11264K), 11 survivors (11264K)
 Metaspace       used 34280K, committed 34624K, reserved 1081344K
  class space    used 4444K, committed 4608K, reserved 1048576K
}
Event: 10.676 GC heap before
{Heap before GC invocations=22 (full 0):
 garbage-first heap   total 183296K, used 144654K [0x00000000c2c00000, 0x0000000100000000)
  region size 1024K, 99 young (101376K), 11 survivors (11264K)
 Metaspace       used 34280K, committed 34624K, reserved 1081344K
  class space    used 4444K, committed 4608K, reserved 1048576K
}
Event: 10.692 GC heap after
{Heap after GC invocations=23 (full 0):
 garbage-first heap   total 183296K, used 59926K [0x00000000c2c00000, 0x0000000100000000)
  region size 1024K, 9 young (9216K), 9 survivors (9216K)
 Metaspace       used 34280K, committed 34624K, reserved 1081344K
  class space    used 4444K, committed 4608K, reserved 1048576K
}
Event: 11.094 GC heap before
{Heap before GC invocations=23 (full 0):
 garbage-first heap   total 183296K, used 146966K [0x00000000c2c00000, 0x0000000100000000)
  region size 1024K, 96 young (98304K), 9 survivors (9216K)
 Metaspace       used 34280K, committed 34624K, reserved 1081344K
  class space    used 4444K, committed 4608K, reserved 1048576K
}
Event: 11.122 GC heap after
{Heap after GC invocations=24 (full 0):
 garbage-first heap   total 183296K, used 64424K [0x00000000c2c00000, 0x0000000100000000)
  region size 1024K, 9 young (9216K), 9 survivors (9216K)
 Metaspace       used 34280K, committed 34624K, reserved 1081344K
  class space    used 4444K, committed 4608K, reserved 1048576K
}
Event: 11.622 GC heap before
{Heap before GC invocations=24 (full 0):
 garbage-first heap   total 183296K, used 149416K [0x00000000c2c00000, 0x0000000100000000)
  region size 1024K, 93 young (95232K), 9 survivors (9216K)
 Metaspace       used 34280K, committed 34624K, reserved 1081344K
  class space    used 4444K, committed 4608K, reserved 1048576K
}

